Run xcodebuild archive \
  xcodebuild archive \
    -project zmq.xcodeproj \
    -scheme zmq \
    -configuration Debug \
    -archivePath build/zmq.xcarchive \
    CODE_SIGNING_ALLOWED=NO
  shell: /bin/bash -e {0}
Command line invocation:
    /Applications/Xcode_16.app/Contents/Developer/usr/bin/xcodebuild archive -project zmq.xcodeproj -scheme zmq -configuration Debug -archivePath build/zmq.xcarchive CODE_SIGNING_ALLOWED=NO
User defaults from command line:
    IDEArchivePathOverride = /Users/runner/work/iOS-ADB-APP-flower/iOS-ADB-APP-flower/build/zmq.xcarchive
    IDEPackageSupportUseBuiltinSCM = YES
Build settings from command line:
    CODE_SIGNING_ALLOWED = NO
--- xcodebuild: WARNING: Using the first of multiple matching destinations:
{ platform:macOS, arch:arm64, variant:Designed for [iPad,iPhone], id:ed92a7696c29ca98d9c30e09dac1331bd2b27466, name:My Mac }
{ platform:iOS, id:dvtdevice-DVTiPhonePlaceholder-iphoneos:placeholder, name:Any iOS Device }
{ platform:iOS Simulator, id:dvtdevice-DVTiOSDeviceSimulatorPlaceholder-iphonesimulator:placeholder, name:Any iOS Simulator Device }
Prepare packages
ComputeTargetDependencyGraph
note: Building targets in dependency order
note: Target dependency graph (1 target)
    Target 'zmq' in project 'zmq' (no dependencies)
GatherProvisioningInputs
CreateBuildDescription
ExecuteExternalTool /Applications/Xcode_16.app/Contents/Developer/Toolchains/XcodeDefault.xctoolchain/usr/bin/swiftc --version
ExecuteExternalTool /Applications/Xcode_16.app/Contents/Developer/Toolchains/XcodeDefault.xctoolchain/usr/bin/clang -v -E -dM -isysroot /Applications/Xcode_16.app/Contents/Developer/Platforms/iPhoneOS.platform/Developer/SDKs/iPhoneOS18.0.sdk -x c -c /dev/null
ExecuteExternalTool /Applications/Xcode_16.app/Contents/Developer/Toolchains/XcodeDefault.xctoolchain/usr/bin/ld -version_details
Build description signature: 712d7eec9bb0e5a81fdc36d3338edcb8
Build description path: /Users/runner/Library/Developer/Xcode/DerivedData/zmq-bmnnmpodhpqsbabgpvegoaxwjeiy/Build/Intermediates.noindex/ArchiveIntermediates/zmq/IntermediateBuildFilesPath/XCBuildData/712d7eec9bb0e5a81fdc36d3338edcb8.xcbuilddata
CreateBuildDirectory /Users/runner/Library/Developer/Xcode/DerivedData/zmq-bmnnmpodhpqsbabgpvegoaxwjeiy/Build/Intermediates.noindex/ArchiveIntermediates/zmq/InstallationBuildProductsLocation
    cd /Users/runner/work/iOS-ADB-APP-flower/iOS-ADB-APP-flower/zmq.xcodeproj
    builtin-create-build-directory /Users/runner/Library/Developer/Xcode/DerivedData/zmq-bmnnmpodhpqsbabgpvegoaxwjeiy/Build/Intermediates.noindex/ArchiveIntermediates/zmq/InstallationBuildProductsLocation
ClangStatCache /Applications/Xcode_16.app/Contents/Developer/Toolchains/XcodeDefault.xctoolchain/usr/bin/clang-stat-cache /Applications/Xcode_16.app/Contents/Developer/Platforms/iPhoneOS.platform/Developer/SDKs/iPhoneOS18.0.sdk /Users/runner/Library/Developer/Xcode/DerivedData/SDKStatCaches.noindex/iphoneos18.0-22A3362-ecbf2746db86eb790eafe45896842e4a.sdkstatcache
    cd /Users/runner/work/iOS-ADB-APP-flower/iOS-ADB-APP-flower/zmq.xcodeproj
    /Applications/Xcode_16.app/Contents/Developer/Toolchains/XcodeDefault.xctoolchain/usr/bin/clang-stat-cache /Applications/Xcode_16.app/Contents/Developer/Platforms/iPhoneOS.platform/Developer/SDKs/iPhoneOS18.0.sdk -o /Users/runner/Library/Developer/Xcode/DerivedData/SDKStatCaches.noindex/iphoneos18.0-22A3362-ecbf2746db86eb790eafe45896842e4a.sdkstatcache
CreateBuildDirectory /Users/runner/Library/Developer/Xcode/DerivedData/zmq-bmnnmpodhpqsbabgpvegoaxwjeiy/Build/Intermediates.noindex/ArchiveIntermediates/zmq/IntermediateBuildFilesPath
    cd /Users/runner/work/iOS-ADB-APP-flower/iOS-ADB-APP-flower/zmq.xcodeproj
    builtin-create-build-directory /Users/runner/Library/Developer/Xcode/DerivedData/zmq-bmnnmpodhpqsbabgpvegoaxwjeiy/Build/Intermediates.noindex/ArchiveIntermediates/zmq/IntermediateBuildFilesPath
CreateBuildDirectory /Users/runner/Library/Developer/Xcode/DerivedData/zmq-bmnnmpodhpqsbabgpvegoaxwjeiy/Build/Intermediates.noindex/ArchiveIntermediates/zmq/BuildProductsPath
    cd /Users/runner/work/iOS-ADB-APP-flower/iOS-ADB-APP-flower/zmq.xcodeproj
    builtin-create-build-directory /Users/runner/Library/Developer/Xcode/DerivedData/zmq-bmnnmpodhpqsbabgpvegoaxwjeiy/Build/Intermediates.noindex/ArchiveIntermediates/zmq/BuildProductsPath
CreateBuildDirectory /Users/runner/Library/Developer/Xcode/DerivedData/zmq-bmnnmpodhpqsbabgpvegoaxwjeiy/Build/Intermediates.noindex/ArchiveIntermediates/zmq/IntermediateBuildFilesPath/EagerLinkingTBDs/Debug-iphoneos
    cd /Users/runner/work/iOS-ADB-APP-flower/iOS-ADB-APP-flower/zmq.xcodeproj
    builtin-create-build-directory /Users/runner/Library/Developer/Xcode/DerivedData/zmq-bmnnmpodhpqsbabgpvegoaxwjeiy/Build/Intermediates.noindex/ArchiveIntermediates/zmq/IntermediateBuildFilesPath/EagerLinkingTBDs/Debug-iphoneos
WriteAuxiliaryFile /Users/runner/Library/Developer/Xcode/DerivedData/zmq-bmnnmpodhpqsbabgpvegoaxwjeiy/Build/Intermediates.noindex/ArchiveIntermediates/zmq/IntermediateBuildFilesPath/zmq.build/Debug-iphoneos/zmq-a0eed1532a83e735ea34751e7f02a2e1-VFS-iphoneos/all-product-headers.yaml
    cd /Users/runner/work/iOS-ADB-APP-flower/iOS-ADB-APP-flower/zmq.xcodeproj
    write-file /Users/runner/Library/Developer/Xcode/DerivedData/zmq-bmnnmpodhpqsbabgpvegoaxwjeiy/Build/Intermediates.noindex/ArchiveIntermediates/zmq/IntermediateBuildFilesPath/zmq.build/Debug-iphoneos/zmq-a0eed1532a83e735ea34751e7f02a2e1-VFS-iphoneos/all-product-headers.yaml
CreateBuildDirectory /Users/runner/Library/Developer/Xcode/DerivedData/zmq-bmnnmpodhpqsbabgpvegoaxwjeiy/Build/Intermediates.noindex/ArchiveIntermediates/zmq/BuildProductsPath/Debug-iphoneos
    cd /Users/runner/work/iOS-ADB-APP-flower/iOS-ADB-APP-flower/zmq.xcodeproj
    builtin-create-build-directory /Users/runner/Library/Developer/Xcode/DerivedData/zmq-bmnnmpodhpqsbabgpvegoaxwjeiy/Build/Intermediates.noindex/ArchiveIntermediates/zmq/BuildProductsPath/Debug-iphoneos
WriteAuxiliaryFile /Users/runner/Library/Developer/Xcode/DerivedData/zmq-bmnnmpodhpqsbabgpvegoaxwjeiy/Build/Intermediates.noindex/ArchiveIntermediates/zmq/IntermediateBuildFilesPath/zmq.build/Debug-iphoneos/zmq.build/zmq.hmap (in target 'zmq' from project 'zmq')
    cd /Users/runner/work/iOS-ADB-APP-flower/iOS-ADB-APP-flower
    write-file /Users/runner/Library/Developer/Xcode/DerivedData/zmq-bmnnmpodhpqsbabgpvegoaxwjeiy/Build/Intermediates.noindex/ArchiveIntermediates/zmq/IntermediateBuildFilesPath/zmq.build/Debug-iphoneos/zmq.build/zmq.hmap
WriteAuxiliaryFile /Users/runner/Library/Developer/Xcode/DerivedData/zmq-bmnnmpodhpqsbabgpvegoaxwjeiy/Build/Intermediates.noindex/ArchiveIntermediates/zmq/IntermediateBuildFilesPath/zmq.build/Debug-iphoneos/zmq.build/zmq.DependencyMetadataFileList (in target 'zmq' from project 'zmq')
    cd /Users/runner/work/iOS-ADB-APP-flower/iOS-ADB-APP-flower
    write-file /Users/runner/Library/Developer/Xcode/DerivedData/zmq-bmnnmpodhpqsbabgpvegoaxwjeiy/Build/Intermediates.noindex/ArchiveIntermediates/zmq/IntermediateBuildFilesPath/zmq.build/Debug-iphoneos/zmq.build/zmq.DependencyMetadataFileList
WriteAuxiliaryFile /Users/runner/Library/Developer/Xcode/DerivedData/zmq-bmnnmpodhpqsbabgpvegoaxwjeiy/Build/Intermediates.noindex/ArchiveIntermediates/zmq/IntermediateBuildFilesPath/zmq.build/Debug-iphoneos/zmq.build/zmq-project-headers.hmap (in target 'zmq' from project 'zmq')
    cd /Users/runner/work/iOS-ADB-APP-flower/iOS-ADB-APP-flower
    write-file /Users/runner/Library/Developer/Xcode/DerivedData/zmq-bmnnmpodhpqsbabgpvegoaxwjeiy/Build/Intermediates.noindex/ArchiveIntermediates/zmq/IntermediateBuildFilesPath/zmq.build/Debug-iphoneos/zmq.build/zmq-project-headers.hmap
WriteAuxiliaryFile /Users/runner/Library/Developer/Xcode/DerivedData/zmq-bmnnmpodhpqsbabgpvegoaxwjeiy/Build/Intermediates.noindex/ArchiveIntermediates/zmq/IntermediateBuildFilesPath/zmq.build/Debug-iphoneos/zmq.build/zmq-own-target-headers.hmap (in target 'zmq' from project 'zmq')
    cd /Users/runner/work/iOS-ADB-APP-flower/iOS-ADB-APP-flower
    write-file /Users/runner/Library/Developer/Xcode/DerivedData/zmq-bmnnmpodhpqsbabgpvegoaxwjeiy/Build/Intermediates.noindex/ArchiveIntermediates/zmq/IntermediateBuildFilesPath/zmq.build/Debug-iphoneos/zmq.build/zmq-own-target-headers.hmap
WriteAuxiliaryFile /Users/runner/Library/Developer/Xcode/DerivedData/zmq-bmnnmpodhpqsbabgpvegoaxwjeiy/Build/Intermediates.noindex/ArchiveIntermediates/zmq/IntermediateBuildFilesPath/zmq.build/Debug-iphoneos/zmq.build/zmq-generated-files.hmap (in target 'zmq' from project 'zmq')
    cd /Users/runner/work/iOS-ADB-APP-flower/iOS-ADB-APP-flower
    write-file /Users/runner/Library/Developer/Xcode/DerivedData/zmq-bmnnmpodhpqsbabgpvegoaxwjeiy/Build/Intermediates.noindex/ArchiveIntermediates/zmq/IntermediateBuildFilesPath/zmq.build/Debug-iphoneos/zmq.build/zmq-generated-files.hmap
WriteAuxiliaryFile /Users/runner/Library/Developer/Xcode/DerivedData/zmq-bmnnmpodhpqsbabgpvegoaxwjeiy/Build/Intermediates.noindex/ArchiveIntermediates/zmq/IntermediateBuildFilesPath/zmq.build/Debug-iphoneos/zmq.build/zmq-all-target-headers.hmap (in target 'zmq' from project 'zmq')
    cd /Users/runner/work/iOS-ADB-APP-flower/iOS-ADB-APP-flower
    write-file /Users/runner/Library/Developer/Xcode/DerivedData/zmq-bmnnmpodhpqsbabgpvegoaxwjeiy/Build/Intermediates.noindex/ArchiveIntermediates/zmq/IntermediateBuildFilesPath/zmq.build/Debug-iphoneos/zmq.build/zmq-all-target-headers.hmap
WriteAuxiliaryFile /Users/runner/Library/Developer/Xcode/DerivedData/zmq-bmnnmpodhpqsbabgpvegoaxwjeiy/Build/Intermediates.noindex/ArchiveIntermediates/zmq/IntermediateBuildFilesPath/zmq.build/Debug-iphoneos/zmq.build/zmq-all-non-framework-target-headers.hmap (in target 'zmq' from project 'zmq')
    cd /Users/runner/work/iOS-ADB-APP-flower/iOS-ADB-APP-flower
    write-file /Users/runner/Library/Developer/Xcode/DerivedData/zmq-bmnnmpodhpqsbabgpvegoaxwjeiy/Build/Intermediates.noindex/ArchiveIntermediates/zmq/IntermediateBuildFilesPath/zmq.build/Debug-iphoneos/zmq.build/zmq-all-non-framework-target-headers.hmap
WriteAuxiliaryFile /Users/runner/Library/Developer/Xcode/DerivedData/zmq-bmnnmpodhpqsbabgpvegoaxwjeiy/Build/Intermediates.noindex/ArchiveIntermediates/zmq/IntermediateBuildFilesPath/zmq.build/Debug-iphoneos/zmq.build/Objects-normal/arm64/zmq_const_extract_protocols.json (in target 'zmq' from project 'zmq')
    cd /Users/runner/work/iOS-ADB-APP-flower/iOS-ADB-APP-flower
    write-file /Users/runner/Library/Developer/Xcode/DerivedData/zmq-bmnnmpodhpqsbabgpvegoaxwjeiy/Build/Intermediates.noindex/ArchiveIntermediates/zmq/IntermediateBuildFilesPath/zmq.build/Debug-iphoneos/zmq.build/Objects-normal/arm64/zmq_const_extract_protocols.json
WriteAuxiliaryFile /Users/runner/Library/Developer/Xcode/DerivedData/zmq-bmnnmpodhpqsbabgpvegoaxwjeiy/Build/Intermediates.noindex/ArchiveIntermediates/zmq/IntermediateBuildFilesPath/zmq.build/Debug-iphoneos/zmq.build/Objects-normal/arm64/zmq.SwiftFileList (in target 'zmq' from project 'zmq')
    cd /Users/runner/work/iOS-ADB-APP-flower/iOS-ADB-APP-flower
    write-file /Users/runner/Library/Developer/Xcode/DerivedData/zmq-bmnnmpodhpqsbabgpvegoaxwjeiy/Build/Intermediates.noindex/ArchiveIntermediates/zmq/IntermediateBuildFilesPath/zmq.build/Debug-iphoneos/zmq.build/Objects-normal/arm64/zmq.SwiftFileList
WriteAuxiliaryFile /Users/runner/Library/Developer/Xcode/DerivedData/zmq-bmnnmpodhpqsbabgpvegoaxwjeiy/Build/Intermediates.noindex/ArchiveIntermediates/zmq/IntermediateBuildFilesPath/zmq.build/Debug-iphoneos/zmq.build/Objects-normal/arm64/zmq.SwiftConstValuesFileList (in target 'zmq' from project 'zmq')
    cd /Users/runner/work/iOS-ADB-APP-flower/iOS-ADB-APP-flower
    write-file /Users/runner/Library/Developer/Xcode/DerivedData/zmq-bmnnmpodhpqsbabgpvegoaxwjeiy/Build/Intermediates.noindex/ArchiveIntermediates/zmq/IntermediateBuildFilesPath/zmq.build/Debug-iphoneos/zmq.build/Objects-normal/arm64/zmq.SwiftConstValuesFileList
WriteAuxiliaryFile /Users/runner/Library/Developer/Xcode/DerivedData/zmq-bmnnmpodhpqsbabgpvegoaxwjeiy/Build/Intermediates.noindex/ArchiveIntermediates/zmq/IntermediateBuildFilesPath/zmq.build/Debug-iphoneos/zmq.build/Objects-normal/arm64/zmq.LinkFileList (in target 'zmq' from project 'zmq')
    cd /Users/runner/work/iOS-ADB-APP-flower/iOS-ADB-APP-flower
    write-file /Users/runner/Library/Developer/Xcode/DerivedData/zmq-bmnnmpodhpqsbabgpvegoaxwjeiy/Build/Intermediates.noindex/ArchiveIntermediates/zmq/IntermediateBuildFilesPath/zmq.build/Debug-iphoneos/zmq.build/Objects-normal/arm64/zmq.LinkFileList
WriteAuxiliaryFile /Users/runner/Library/Developer/Xcode/DerivedData/zmq-bmnnmpodhpqsbabgpvegoaxwjeiy/Build/Intermediates.noindex/ArchiveIntermediates/zmq/IntermediateBuildFilesPath/zmq.build/Debug-iphoneos/zmq.build/Objects-normal/arm64/zmq-OutputFileMap.json (in target 'zmq' from project 'zmq')
    cd /Users/runner/work/iOS-ADB-APP-flower/iOS-ADB-APP-flower
    write-file /Users/runner/Library/Developer/Xcode/DerivedData/zmq-bmnnmpodhpqsbabgpvegoaxwjeiy/Build/Intermediates.noindex/ArchiveIntermediates/zmq/IntermediateBuildFilesPath/zmq.build/Debug-iphoneos/zmq.build/Objects-normal/arm64/zmq-OutputFileMap.json
SymLink /Users/runner/Library/Developer/Xcode/DerivedData/zmq-bmnnmpodhpqsbabgpvegoaxwjeiy/Build/Intermediates.noindex/ArchiveIntermediates/zmq/BuildProductsPath/Debug-iphoneos/zmq.app ../../InstallationBuildProductsLocation/Applications/zmq.app (in target 'zmq' from project 'zmq')
    cd /Users/runner/work/iOS-ADB-APP-flower/iOS-ADB-APP-flower
    /bin/ln -sfh ../../InstallationBuildProductsLocation/Applications/zmq.app /Users/runner/Library/Developer/Xcode/DerivedData/zmq-bmnnmpodhpqsbabgpvegoaxwjeiy/Build/Intermediates.noindex/ArchiveIntermediates/zmq/BuildProductsPath/Debug-iphoneos/zmq.app
MkDir /Users/runner/Library/Developer/Xcode/DerivedData/zmq-bmnnmpodhpqsbabgpvegoaxwjeiy/Build/Intermediates.noindex/ArchiveIntermediates/zmq/InstallationBuildProductsLocation/Applications/zmq.app (in target 'zmq' from project 'zmq')
    cd /Users/runner/work/iOS-ADB-APP-flower/iOS-ADB-APP-flower
    /bin/mkdir -p /Users/runner/Library/Developer/Xcode/DerivedData/zmq-bmnnmpodhpqsbabgpvegoaxwjeiy/Build/Intermediates.noindex/ArchiveIntermediates/zmq/InstallationBuildProductsLocation/Applications/zmq.app
ProcessInfoPlistFile /Users/runner/Library/Developer/Xcode/DerivedData/zmq-bmnnmpodhpqsbabgpvegoaxwjeiy/Build/Intermediates.noindex/ArchiveIntermediates/zmq/InstallationBuildProductsLocation/Applications/zmq.app/Info.plist /Users/runner/work/iOS-ADB-APP-flower/iOS-ADB-APP-flower/zmq/Info.plist (in target 'zmq' from project 'zmq')
    cd /Users/runner/work/iOS-ADB-APP-flower/iOS-ADB-APP-flower
    builtin-infoPlistUtility /Users/runner/work/iOS-ADB-APP-flower/iOS-ADB-APP-flower/zmq/Info.plist -producttype com.apple.product-type.application -genpkginfo /Users/runner/Library/Developer/Xcode/DerivedData/zmq-bmnnmpodhpqsbabgpvegoaxwjeiy/Build/Intermediates.noindex/ArchiveIntermediates/zmq/InstallationBuildProductsLocation/Applications/zmq.app/PkgInfo -expandbuildsettings -format binary -platform iphoneos -requiredArchitecture arm64 -o /Users/runner/Library/Developer/Xcode/DerivedData/zmq-bmnnmpodhpqsbabgpvegoaxwjeiy/Build/Intermediates.noindex/ArchiveIntermediates/zmq/InstallationBuildProductsLocation/Applications/zmq.app/Info.plist
SwiftDriver zmq normal arm64 com.apple.xcode.tools.swift.compiler (in target 'zmq' from project 'zmq')
    cd /Users/runner/work/iOS-ADB-APP-flower/iOS-ADB-APP-flower
    builtin-SwiftDriver -- /Applications/Xcode_16.app/Contents/Developer/Toolchains/XcodeDefault.xctoolchain/usr/bin/swiftc -module-name zmq -Onone -enforce-exclusivity\=checked @/Users/runner/Library/Developer/Xcode/DerivedData/zmq-bmnnmpodhpqsbabgpvegoaxwjeiy/Build/Intermediates.noindex/ArchiveIntermediates/zmq/IntermediateBuildFilesPath/zmq.build/Debug-iphoneos/zmq.build/Objects-normal/arm64/zmq.SwiftFileList -DDEBUG -enable-bare-slash-regex -enable-experimental-feature DebugDescriptionMacro -sdk /Applications/Xcode_16.app/Contents/Developer/Platforms/iPhoneOS.platform/Developer/SDKs/iPhoneOS18.0.sdk -target arm64-apple-ios16.0 -g -module-cache-path /Users/runner/Library/Developer/Xcode/DerivedData/ModuleCache.noindex -Xfrontend -serialize-debugging-options -enable-testing -Xcc -D_LIBCPP_HARDENING_MODE\=_LIBCPP_HARDENING_MODE_DEBUG -swift-version 5 -I /Users/runner/Library/Developer/Xcode/DerivedData/zmq-bmnnmpodhpqsbabgpvegoaxwjeiy/Build/Intermediates.noindex/ArchiveIntermediates/zmq/BuildProductsPath/Deb
SwiftEmitModule normal arm64 Emitting\ module\ for\ zmq (in target 'zmq' from project 'zmq')
    cd /Users/runner/work/iOS-ADB-APP-flower/iOS-ADB-APP-flower
    builtin-swiftTaskExecution -- /Applications/Xcode_16.app/Contents/Developer/Toolchains/XcodeDefault.xctoolchain/usr/bin/swift-frontend -frontend -emit-module -experimental-skip-non-inlinable-function-bodies-without-types /Users/runner/work/iOS-ADB-APP-flower/iOS-ADB-APP-flower/zmq/App/zmqApp.swift /Users/runner/work/iOS-ADB-APP-flower/iOS-ADB-APP-flower/zmq/App/ContentView.swift /Users/runner/work/iOS-ADB-APP-flower/iOS-ADB-APP-flower/zmq/Core/ADBProtocol/ADBConstants.swift /Users/runner/work/iOS-ADB-APP-flower/iOS-ADB-APP-flower/zmq/Core/ADBProtocol/ADBMessage.swift /Users/runner/work/iOS-ADB-APP-flower/iOS-ADB-APP-flower/zmq/Core/ADBProtocol/ADBProtocol.swift /Users/runner/work/iOS-ADB-APP-flower/iOS-ADB-APP-flower/zmq/Core/ADBProtocol/ADBAuth.swift /Users/runner/work/iOS-ADB-APP-flower/iOS-ADB-APP-flower/zmq/Core/ADBProtocol/ADBChannel.swift /Users/runner/work/iOS-ADB-APP-flower/iOS-ADB-APP-flower/zmq/Core/Network/TCPClient.swift /Users/runner/work/iOS-ADB-APP-flower/iOS-ADB-APP-flower/zmq/Core/Network
EmitSwiftModule normal arm64 (in target 'zmq' from project 'zmq')
    cd /Users/runner/work/iOS-ADB-APP-flower/iOS-ADB-APP-flower
    /Applications/Xcode_16.app/Contents/Developer/Toolchains/XcodeDefault.xctoolchain/usr/bin/swift-frontend -emit-module -experimental-skip-non-inlinable-function-bodies-without-types /Users/runner/work/iOS-ADB-APP-flower/iOS-ADB-APP-flower/zmq/App/zmqApp.swift /Users/runner/work/iOS-ADB-APP-flower/iOS-ADB-APP-flower/zmq/App/ContentView.swift /Users/runner/work/iOS-ADB-APP-flower/iOS-ADB-APP-flower/zmq/Core/ADBProtocol/ADBConstants.swift /Users/runner/work/iOS-ADB-APP-flower/iOS-ADB-APP-flower/zmq/Core/ADBProtocol/ADBMessage.swift /Users/runner/work/iOS-ADB-APP-flower/iOS-ADB-APP-flower/zmq/Core/ADBProtocol/ADBProtocol.swift /Users/runner/work/iOS-ADB-APP-flower/iOS-ADB-APP-flower/zmq/Core/ADBProtocol/ADBAuth.swift /Users/runner/work/iOS-ADB-APP-flower/iOS-ADB-APP-flower/zmq/Core/ADBProtocol/ADBChannel.swift /Users/runner/work/iOS-ADB-APP-flower/iOS-ADB-APP-flower/zmq/Core/Network/TCPClient.swift /Users/runner/work/iOS-ADB-APP-flower/iOS-ADB-APP-flower/zmq/Core/Network/DataBuffer.swift /Users/runner/work/iOS
/Users/runner/work/iOS-ADB-APP-flower/iOS-ADB-APP-flower/zmq/UI/Pages/DeviceInfoView.swift:5:43: error: missing argument for parameter 'host' in call
    @State private var device = ADBDevice()
                                          ^
                                          host: <#String#>
/Users/runner/work/iOS-ADB-APP-flower/iOS-ADB-APP-flower/zmq/Models/ADBDevice.swift:3:8: note: 'init(host:port:name:model:androidVersion:resolution:cpu:memory:serialNo:isConnected:)' declared here
struct ADBDevice: Identifiable {
       ^
SwiftCompile normal arm64 Compiling\ ScreenMirrorView.swift,\ FileManagerView.swift,\ ConsoleView.swift,\ DeviceCard.swift,\ FileListItem.swift,\ TouchOverlay.swift,\ ADBDevice.swift,\ FileInfo.swift,\ AppInfo.swift,\ LittleEndian.swift,\ CRC32.swift,\ Logger.swift /Users/runner/work/iOS-ADB-APP-flower/iOS-ADB-APP-flower/zmq/UI/Pages/ScreenMirrorView.swift /Users/runner/work/iOS-ADB-APP-flower/iOS-ADB-APP-flower/zmq/UI/Pages/FileManagerView.swift /Users/runner/work/iOS-ADB-APP-flower/iOS-ADB-APP-flower/zmq/UI/Pages/ConsoleView.swift /Users/runner/work/iOS-ADB-APP-flower/iOS-ADB-APP-flower/zmq/UI/Components/DeviceCard.swift /Users/runner/work/iOS-ADB-APP-flower/iOS-ADB-APP-flower/zmq/UI/Components/FileListItem.swift /Users/runner/work/iOS-ADB-APP-flower/iOS-ADB-APP-flower/zmq/UI/Components/TouchOverlay.swift /Users/runner/work/iOS-ADB-APP-flower/iOS-ADB-APP-flower/zmq/Models/ADBDevice.swift /Users/runner/work/iOS-ADB-APP-flower/iOS-ADB-APP-flower/zmq/Models/FileInfo.swift /Users/runner/work/iOS-ADB-APP-flower/
    cd /Users/runner/work/iOS-ADB-APP-flower/iOS-ADB-APP-flower
    builtin-swiftTaskExecution -- /Applications/Xcode_16.app/Contents/Developer/Toolchains/XcodeDefault.xctoolchain/usr/bin/swift-frontend -frontend -c /Users/runner/work/iOS-ADB-APP-flower/iOS-ADB-APP-flower/zmq/App/zmqApp.swift /Users/runner/work/iOS-ADB-APP-flower/iOS-ADB-APP-flower/zmq/App/ContentView.swift /Users/runner/work/iOS-ADB-APP-flower/iOS-ADB-APP-flower/zmq/Core/ADBProtocol/ADBConstants.swift /Users/runner/work/iOS-ADB-APP-flower/iOS-ADB-APP-flower/zmq/Core/ADBProtocol/ADBMessage.swift /Users/runner/work/iOS-ADB-APP-flower/iOS-ADB-APP-flower/zmq/Core/ADBProtocol/ADBProtocol.swift /Users/runner/work/iOS-ADB-APP-flower/iOS-ADB-APP-flower/zmq/Core/ADBProtocol/ADBAuth.swift /Users/runner/work/iOS-ADB-APP-flower/iOS-ADB-APP-flower/zmq/Core/ADBProtocol/ADBChannel.swift /Users/runner/work/iOS-ADB-APP-flower/iOS-ADB-APP-flower/zmq/Core/Network/TCPClient.swift /Users/runner/work/iOS-ADB-APP-flower/iOS-ADB-APP-flower/zmq/Core/Network/DataBuffer.swift /Users/runner/work/iOS-ADB-APP-flower/iOS-ADB-APP-flowe
SwiftCompile normal arm64 /Users/runner/work/iOS-ADB-APP-flower/iOS-ADB-APP-flower/zmq/UI/Pages/ScreenMirrorView.swift (in target 'zmq' from project 'zmq')
    cd /Users/runner/work/iOS-ADB-APP-flower/iOS-ADB-APP-flower
    /Applications/Xcode_16.app/Contents/Developer/Toolchains/XcodeDefault.xctoolchain/usr/bin/swift-frontend -c /Users/runner/work/iOS-ADB-APP-flower/iOS-ADB-APP-flower/zmq/App/zmqApp.swift /Users/runner/work/iOS-ADB-APP-flower/iOS-ADB-APP-flower/zmq/App/ContentView.swift /Users/runner/work/iOS-ADB-APP-flower/iOS-ADB-APP-flower/zmq/Core/ADBProtocol/ADBConstants.swift /Users/runner/work/iOS-ADB-APP-flower/iOS-ADB-APP-flower/zmq/Core/ADBProtocol/ADBMessage.swift /Users/runner/work/iOS-ADB-APP-flower/iOS-ADB-APP-flower/zmq/Core/ADBProtocol/ADBProtocol.swift /Users/runner/work/iOS-ADB-APP-flower/iOS-ADB-APP-flower/zmq/Core/ADBProtocol/ADBAuth.swift /Users/runner/work/iOS-ADB-APP-flower/iOS-ADB-APP-flower/zmq/Core/ADBProtocol/ADBChannel.swift /Users/runner/work/iOS-ADB-APP-flower/iOS-ADB-APP-flower/zmq/Core/Network/TCPClient.swift /Users/runner/work/iOS-ADB-APP-flower/iOS-ADB-APP-flower/zmq/Core/Network/DataBuffer.swift /Users/runner/work/iOS-ADB-APP-flower/iOS-ADB-APP-flower/zmq/Core/Network/DeviceScanner.swift /
SwiftCompile normal arm64 /Users/runner/work/iOS-ADB-APP-flower/iOS-ADB-APP-flower/zmq/UI/Pages/FileManagerView.swift (in target 'zmq' from project 'zmq')
    cd /Users/runner/work/iOS-ADB-APP-flower/iOS-ADB-APP-flower
    /Applications/Xcode_16.app/Contents/Developer/Toolchains/XcodeDefault.xctoolchain/usr/bin/swift-frontend -c /Users/runner/work/iOS-ADB-APP-flower/iOS-ADB-APP-flower/zmq/App/zmqApp.swift /Users/runner/work/iOS-ADB-APP-flower/iOS-ADB-APP-flower/zmq/App/ContentView.swift /Users/runner/work/iOS-ADB-APP-flower/iOS-ADB-APP-flower/zmq/Core/ADBProtocol/ADBConstants.swift /Users/runner/work/iOS-ADB-APP-flower/iOS-ADB-APP-flower/zmq/Core/ADBProtocol/ADBMessage.swift /Users/runner/work/iOS-ADB-APP-flower/iOS-ADB-APP-flower/zmq/Core/ADBProtocol/ADBProtocol.swift /Users/runner/work/iOS-ADB-APP-flower/iOS-ADB-APP-flower/zmq/Core/ADBProtocol/ADBAuth.swift /Users/runner/work/iOS-ADB-APP-flower/iOS-ADB-APP-flower/zmq/Core/ADBProtocol/ADBChannel.swift /Users/runner/work/iOS-ADB-APP-flower/iOS-ADB-APP-flower/zmq/Core/Network/TCPClient.swift /Users/runner/work/iOS-ADB-APP-flower/iOS-ADB-APP-flower/zmq/Core/Network/DataBuffer.swift /Users/runner/work/iOS-ADB-APP-flower/iOS-ADB-APP-flower/zmq/Core/Network/DeviceScanner.swift /
SwiftCompile normal arm64 /Users/runner/work/iOS-ADB-APP-flower/iOS-ADB-APP-flower/zmq/UI/Pages/ConsoleView.swift (in target 'zmq' from project 'zmq')
    cd /Users/runner/work/iOS-ADB-APP-flower/iOS-ADB-APP-flower
    /Applications/Xcode_16.app/Contents/Developer/Toolchains/XcodeDefault.xctoolchain/usr/bin/swift-frontend -c /Users/runner/work/iOS-ADB-APP-flower/iOS-ADB-APP-flower/zmq/App/zmqApp.swift /Users/runner/work/iOS-ADB-APP-flower/iOS-ADB-APP-flower/zmq/App/ContentView.swift /Users/runner/work/iOS-ADB-APP-flower/iOS-ADB-APP-flower/zmq/Core/ADBProtocol/ADBConstants.swift /Users/runner/work/iOS-ADB-APP-flower/iOS-ADB-APP-flower/zmq/Core/ADBProtocol/ADBMessage.swift /Users/runner/work/iOS-ADB-APP-flower/iOS-ADB-APP-flower/zmq/Core/ADBProtocol/ADBProtocol.swift /Users/runner/work/iOS-ADB-APP-flower/iOS-ADB-APP-flower/zmq/Core/ADBProtocol/ADBAuth.swift /Users/runner/work/iOS-ADB-APP-flower/iOS-ADB-APP-flower/zmq/Core/ADBProtocol/ADBChannel.swift /Users/runner/work/iOS-ADB-APP-flower/iOS-ADB-APP-flower/zmq/Core/Network/TCPClient.swift /Users/runner/work/iOS-ADB-APP-flower/iOS-ADB-APP-flower/zmq/Core/Network/DataBuffer.swift /Users/runner/work/iOS-ADB-APP-flower/iOS-ADB-APP-flower/zmq/Core/Network/DeviceScanner.swift /
SwiftCompile normal arm64 /Users/runner/work/iOS-ADB-APP-flower/iOS-ADB-APP-flower/zmq/UI/Components/DeviceCard.swift (in target 'zmq' from project 'zmq')
    cd /Users/runner/work/iOS-ADB-APP-flower/iOS-ADB-APP-flower
    /Applications/Xcode_16.app/Contents/Developer/Toolchains/XcodeDefault.xctoolchain/usr/bin/swift-frontend -c /Users/runner/work/iOS-ADB-APP-flower/iOS-ADB-APP-flower/zmq/App/zmqApp.swift /Users/runner/work/iOS-ADB-APP-flower/iOS-ADB-APP-flower/zmq/App/ContentView.swift /Users/runner/work/iOS-ADB-APP-flower/iOS-ADB-APP-flower/zmq/Core/ADBProtocol/ADBConstants.swift /Users/runner/work/iOS-ADB-APP-flower/iOS-ADB-APP-flower/zmq/Core/ADBProtocol/ADBMessage.swift /Users/runner/work/iOS-ADB-APP-flower/iOS-ADB-APP-flower/zmq/Core/ADBProtocol/ADBProtocol.swift /Users/runner/work/iOS-ADB-APP-flower/iOS-ADB-APP-flower/zmq/Core/ADBProtocol/ADBAuth.swift /Users/runner/work/iOS-ADB-APP-flower/iOS-ADB-APP-flower/zmq/Core/ADBProtocol/ADBChannel.swift /Users/runner/work/iOS-ADB-APP-flower/iOS-ADB-APP-flower/zmq/Core/Network/TCPClient.swift /Users/runner/work/iOS-ADB-APP-flower/iOS-ADB-APP-flower/zmq/Core/Network/DataBuffer.swift /Users/runner/work/iOS-ADB-APP-flower/iOS-ADB-APP-flower/zmq/Core/Network/DeviceScanner.swift /
SwiftCompile normal arm64 /Users/runner/work/iOS-ADB-APP-flower/iOS-ADB-APP-flower/zmq/UI/Components/FileListItem.swift (in target 'zmq' from project 'zmq')
    cd /Users/runner/work/iOS-ADB-APP-flower/iOS-ADB-APP-flower
    /Applications/Xcode_16.app/Contents/Developer/Toolchains/XcodeDefault.xctoolchain/usr/bin/swift-frontend -c /Users/runner/work/iOS-ADB-APP-flower/iOS-ADB-APP-flower/zmq/App/zmqApp.swift /Users/runner/work/iOS-ADB-APP-flower/iOS-ADB-APP-flower/zmq/App/ContentView.swift /Users/runner/work/iOS-ADB-APP-flower/iOS-ADB-APP-flower/zmq/Core/ADBProtocol/ADBConstants.swift /Users/runner/work/iOS-ADB-APP-flower/iOS-ADB-APP-flower/zmq/Core/ADBProtocol/ADBMessage.swift /Users/runner/work/iOS-ADB-APP-flower/iOS-ADB-APP-flower/zmq/Core/ADBProtocol/ADBProtocol.swift /Users/runner/work/iOS-ADB-APP-flower/iOS-ADB-APP-flower/zmq/Core/ADBProtocol/ADBAuth.swift /Users/runner/work/iOS-ADB-APP-flower/iOS-ADB-APP-flower/zmq/Core/ADBProtocol/ADBChannel.swift /Users/runner/work/iOS-ADB-APP-flower/iOS-ADB-APP-flower/zmq/Core/Network/TCPClient.swift /Users/runner/work/iOS-ADB-APP-flower/iOS-ADB-APP-flower/zmq/Core/Network/DataBuffer.swift /Users/runner/work/iOS-ADB-APP-flower/iOS-ADB-APP-flower/zmq/Core/Network/DeviceScanner.swift /
SwiftCompile normal arm64 /Users/runner/work/iOS-ADB-APP-flower/iOS-ADB-APP-flower/zmq/UI/Components/TouchOverlay.swift (in target 'zmq' from project 'zmq')
    cd /Users/runner/work/iOS-ADB-APP-flower/iOS-ADB-APP-flower
    /Applications/Xcode_16.app/Contents/Developer/Toolchains/XcodeDefault.xctoolchain/usr/bin/swift-frontend -c /Users/runner/work/iOS-ADB-APP-flower/iOS-ADB-APP-flower/zmq/App/zmqApp.swift /Users/runner/work/iOS-ADB-APP-flower/iOS-ADB-APP-flower/zmq/App/ContentView.swift /Users/runner/work/iOS-ADB-APP-flower/iOS-ADB-APP-flower/zmq/Core/ADBProtocol/ADBConstants.swift /Users/runner/work/iOS-ADB-APP-flower/iOS-ADB-APP-flower/zmq/Core/ADBProtocol/ADBMessage.swift /Users/runner/work/iOS-ADB-APP-flower/iOS-ADB-APP-flower/zmq/Core/ADBProtocol/ADBProtocol.swift /Users/runner/work/iOS-ADB-APP-flower/iOS-ADB-APP-flower/zmq/Core/ADBProtocol/ADBAuth.swift /Users/runner/work/iOS-ADB-APP-flower/iOS-ADB-APP-flower/zmq/Core/ADBProtocol/ADBChannel.swift /Users/runner/work/iOS-ADB-APP-flower/iOS-ADB-APP-flower/zmq/Core/Network/TCPClient.swift /Users/runner/work/iOS-ADB-APP-flower/iOS-ADB-APP-flower/zmq/Core/Network/DataBuffer.swift /Users/runner/work/iOS-ADB-APP-flower/iOS-ADB-APP-flower/zmq/Core/Network/DeviceScanner.swift /
SwiftCompile normal arm64 /Users/runner/work/iOS-ADB-APP-flower/iOS-ADB-APP-flower/zmq/Models/ADBDevice.swift (in target 'zmq' from project 'zmq')
    cd /Users/runner/work/iOS-ADB-APP-flower/iOS-ADB-APP-flower
    /Applications/Xcode_16.app/Contents/Developer/Toolchains/XcodeDefault.xctoolchain/usr/bin/swift-frontend -c /Users/runner/work/iOS-ADB-APP-flower/iOS-ADB-APP-flower/zmq/App/zmqApp.swift /Users/runner/work/iOS-ADB-APP-flower/iOS-ADB-APP-flower/zmq/App/ContentView.swift /Users/runner/work/iOS-ADB-APP-flower/iOS-ADB-APP-flower/zmq/Core/ADBProtocol/ADBConstants.swift /Users/runner/work/iOS-ADB-APP-flower/iOS-ADB-APP-flower/zmq/Core/ADBProtocol/ADBMessage.swift /Users/runner/work/iOS-ADB-APP-flower/iOS-ADB-APP-flower/zmq/Core/ADBProtocol/ADBProtocol.swift /Users/runner/work/iOS-ADB-APP-flower/iOS-ADB-APP-flower/zmq/Core/ADBProtocol/ADBAuth.swift /Users/runner/work/iOS-ADB-APP-flower/iOS-ADB-APP-flower/zmq/Core/ADBProtocol/ADBChannel.swift /Users/runner/work/iOS-ADB-APP-flower/iOS-ADB-APP-flower/zmq/Core/Network/TCPClient.swift /Users/runner/work/iOS-ADB-APP-flower/iOS-ADB-APP-flower/zmq/Core/Network/DataBuffer.swift /Users/runner/work/iOS-ADB-APP-flower/iOS-ADB-APP-flower/zmq/Core/Network/DeviceScanner.swift /
SwiftCompile normal arm64 /Users/runner/work/iOS-ADB-APP-flower/iOS-ADB-APP-flower/zmq/Models/FileInfo.swift (in target 'zmq' from project 'zmq')
    cd /Users/runner/work/iOS-ADB-APP-flower/iOS-ADB-APP-flower
    /Applications/Xcode_16.app/Contents/Developer/Toolchains/XcodeDefault.xctoolchain/usr/bin/swift-frontend -c /Users/runner/work/iOS-ADB-APP-flower/iOS-ADB-APP-flower/zmq/App/zmqApp.swift /Users/runner/work/iOS-ADB-APP-flower/iOS-ADB-APP-flower/zmq/App/ContentView.swift /Users/runner/work/iOS-ADB-APP-flower/iOS-ADB-APP-flower/zmq/Core/ADBProtocol/ADBConstants.swift /Users/runner/work/iOS-ADB-APP-flower/iOS-ADB-APP-flower/zmq/Core/ADBProtocol/ADBMessage.swift /Users/runner/work/iOS-ADB-APP-flower/iOS-ADB-APP-flower/zmq/Core/ADBProtocol/ADBProtocol.swift /Users/runner/work/iOS-ADB-APP-flower/iOS-ADB-APP-flower/zmq/Core/ADBProtocol/ADBAuth.swift /Users/runner/work/iOS-ADB-APP-flower/iOS-ADB-APP-flower/zmq/Core/ADBProtocol/ADBChannel.swift /Users/runner/work/iOS-ADB-APP-flower/iOS-ADB-APP-flower/zmq/Core/Network/TCPClient.swift /Users/runner/work/iOS-ADB-APP-flower/iOS-ADB-APP-flower/zmq/Core/Network/DataBuffer.swift /Users/runner/work/iOS-ADB-APP-flower/iOS-ADB-APP-flower/zmq/Core/Network/DeviceScanner.swift /
SwiftCompile normal arm64 /Users/runner/work/iOS-ADB-APP-flower/iOS-ADB-APP-flower/zmq/Models/AppInfo.swift (in target 'zmq' from project 'zmq')
    cd /Users/runner/work/iOS-ADB-APP-flower/iOS-ADB-APP-flower
    /Applications/Xcode_16.app/Contents/Developer/Toolchains/XcodeDefault.xctoolchain/usr/bin/swift-frontend -c /Users/runner/work/iOS-ADB-APP-flower/iOS-ADB-APP-flower/zmq/App/zmqApp.swift /Users/runner/work/iOS-ADB-APP-flower/iOS-ADB-APP-flower/zmq/App/ContentView.swift /Users/runner/work/iOS-ADB-APP-flower/iOS-ADB-APP-flower/zmq/Core/ADBProtocol/ADBConstants.swift /Users/runner/work/iOS-ADB-APP-flower/iOS-ADB-APP-flower/zmq/Core/ADBProtocol/ADBMessage.swift /Users/runner/work/iOS-ADB-APP-flower/iOS-ADB-APP-flower/zmq/Core/ADBProtocol/ADBProtocol.swift /Users/runner/work/iOS-ADB-APP-flower/iOS-ADB-APP-flower/zmq/Core/ADBProtocol/ADBAuth.swift /Users/runner/work/iOS-ADB-APP-flower/iOS-ADB-APP-flower/zmq/Core/ADBProtocol/ADBChannel.swift /Users/runner/work/iOS-ADB-APP-flower/iOS-ADB-APP-flower/zmq/Core/Network/TCPClient.swift /Users/runner/work/iOS-ADB-APP-flower/iOS-ADB-APP-flower/zmq/Core/Network/DataBuffer.swift /Users/runner/work/iOS-ADB-APP-flower/iOS-ADB-APP-flower/zmq/Core/Network/DeviceScanner.swift /
SwiftCompile normal arm64 /Users/runner/work/iOS-ADB-APP-flower/iOS-ADB-APP-flower/zmq/Utils/LittleEndian.swift (in target 'zmq' from project 'zmq')
    cd /Users/runner/work/iOS-ADB-APP-flower/iOS-ADB-APP-flower
    /Applications/Xcode_16.app/Contents/Developer/Toolchains/XcodeDefault.xctoolchain/usr/bin/swift-frontend -c /Users/runner/work/iOS-ADB-APP-flower/iOS-ADB-APP-flower/zmq/App/zmqApp.swift /Users/runner/work/iOS-ADB-APP-flower/iOS-ADB-APP-flower/zmq/App/ContentView.swift /Users/runner/work/iOS-ADB-APP-flower/iOS-ADB-APP-flower/zmq/Core/ADBProtocol/ADBConstants.swift /Users/runner/work/iOS-ADB-APP-flower/iOS-ADB-APP-flower/zmq/Core/ADBProtocol/ADBMessage.swift /Users/runner/work/iOS-ADB-APP-flower/iOS-ADB-APP-flower/zmq/Core/ADBProtocol/ADBProtocol.swift /Users/runner/work/iOS-ADB-APP-flower/iOS-ADB-APP-flower/zmq/Core/ADBProtocol/ADBAuth.swift /Users/runner/work/iOS-ADB-APP-flower/iOS-ADB-APP-flower/zmq/Core/ADBProtocol/ADBChannel.swift /Users/runner/work/iOS-ADB-APP-flower/iOS-ADB-APP-flower/zmq/Core/Network/TCPClient.swift /Users/runner/work/iOS-ADB-APP-flower/iOS-ADB-APP-flower/zmq/Core/Network/DataBuffer.swift /Users/runner/work/iOS-ADB-APP-flower/iOS-ADB-APP-flower/zmq/Core/Network/DeviceScanner.swift /
SwiftCompile normal arm64 /Users/runner/work/iOS-ADB-APP-flower/iOS-ADB-APP-flower/zmq/Utils/CRC32.swift (in target 'zmq' from project 'zmq')
    cd /Users/runner/work/iOS-ADB-APP-flower/iOS-ADB-APP-flower
    /Applications/Xcode_16.app/Contents/Developer/Toolchains/XcodeDefault.xctoolchain/usr/bin/swift-frontend -c /Users/runner/work/iOS-ADB-APP-flower/iOS-ADB-APP-flower/zmq/App/zmqApp.swift /Users/runner/work/iOS-ADB-APP-flower/iOS-ADB-APP-flower/zmq/App/ContentView.swift /Users/runner/work/iOS-ADB-APP-flower/iOS-ADB-APP-flower/zmq/Core/ADBProtocol/ADBConstants.swift /Users/runner/work/iOS-ADB-APP-flower/iOS-ADB-APP-flower/zmq/Core/ADBProtocol/ADBMessage.swift /Users/runner/work/iOS-ADB-APP-flower/iOS-ADB-APP-flower/zmq/Core/ADBProtocol/ADBProtocol.swift /Users/runner/work/iOS-ADB-APP-flower/iOS-ADB-APP-flower/zmq/Core/ADBProtocol/ADBAuth.swift /Users/runner/work/iOS-ADB-APP-flower/iOS-ADB-APP-flower/zmq/Core/ADBProtocol/ADBChannel.swift /Users/runner/work/iOS-ADB-APP-flower/iOS-ADB-APP-flower/zmq/Core/Network/TCPClient.swift /Users/runner/work/iOS-ADB-APP-flower/iOS-ADB-APP-flower/zmq/Core/Network/DataBuffer.swift /Users/runner/work/iOS-ADB-APP-flower/iOS-ADB-APP-flower/zmq/Core/Network/DeviceScanner.swift /
SwiftCompile normal arm64 /Users/runner/work/iOS-ADB-APP-flower/iOS-ADB-APP-flower/zmq/Utils/Logger.swift (in target 'zmq' from project 'zmq')
    cd /Users/runner/work/iOS-ADB-APP-flower/iOS-ADB-APP-flower
    /Applications/Xcode_16.app/Contents/Developer/Toolchains/XcodeDefault.xctoolchain/usr/bin/swift-frontend -c /Users/runner/work/iOS-ADB-APP-flower/iOS-ADB-APP-flower/zmq/App/zmqApp.swift /Users/runner/work/iOS-ADB-APP-flower/iOS-ADB-APP-flower/zmq/App/ContentView.swift /Users/runner/work/iOS-ADB-APP-flower/iOS-ADB-APP-flower/zmq/Core/ADBProtocol/ADBConstants.swift /Users/runner/work/iOS-ADB-APP-flower/iOS-ADB-APP-flower/zmq/Core/ADBProtocol/ADBMessage.swift /Users/runner/work/iOS-ADB-APP-flower/iOS-ADB-APP-flower/zmq/Core/ADBProtocol/ADBProtocol.swift /Users/runner/work/iOS-ADB-APP-flower/iOS-ADB-APP-flower/zmq/Core/ADBProtocol/ADBAuth.swift /Users/runner/work/iOS-ADB-APP-flower/iOS-ADB-APP-flower/zmq/Core/ADBProtocol/ADBChannel.swift /Users/runner/work/iOS-ADB-APP-flower/iOS-ADB-APP-flower/zmq/Core/Network/TCPClient.swift /Users/runner/work/iOS-ADB-APP-flower/iOS-ADB-APP-flower/zmq/Core/Network/DataBuffer.swift /Users/runner/work/iOS-ADB-APP-flower/iOS-ADB-APP-flower/zmq/Core/Network/DeviceScanner.swift /
SwiftCompile normal arm64 Compiling\ ADBShell.swift,\ ADBDeviceInfo.swift,\ ADBAppManager.swift,\ ADBRemoteControl.swift,\ ADBFileSync.swift,\ ADBFileTransfer.swift,\ ScrcpyServer.swift,\ H264Decoder.swift,\ ScreenRenderer.swift,\ TouchMapper.swift,\ DeviceConnectView.swift,\ DeviceInfoView.swift /Users/runner/work/iOS-ADB-APP-flower/iOS-ADB-APP-flower/zmq/Features/Shell/ADBShell.swift /Users/runner/work/iOS-ADB-APP-flower/iOS-ADB-APP-flower/zmq/Features/DeviceInfo/ADBDeviceInfo.swift /Users/runner/work/iOS-ADB-APP-flower/iOS-ADB-APP-flower/zmq/Features/AppManager/ADBAppManager.swift /Users/runner/work/iOS-ADB-APP-flower/iOS-ADB-APP-flower/zmq/Features/RemoteControl/ADBRemoteControl.swift /Users/runner/work/iOS-ADB-APP-flower/iOS-ADB-APP-flower/zmq/Features/FileSync/ADBFileSync.swift /Users/runner/work/iOS-ADB-APP-flower/iOS-ADB-APP-flower/zmq/Features/FileSync/ADBFileTransfer.swift /Users/runner/work/iOS-ADB-APP-flower/iOS-ADB-APP-flower/zmq/Features/ScreenMirror/ScrcpyServer.swift /Users/runner/work/iOS-ADB
    cd /Users/runner/work/iOS-ADB-APP-flower/iOS-ADB-APP-flower
    builtin-swiftTaskExecution -- /Applications/Xcode_16.app/Contents/Developer/Toolchains/XcodeDefault.xctoolchain/usr/bin/swift-frontend -frontend -c /Users/runner/work/iOS-ADB-APP-flower/iOS-ADB-APP-flower/zmq/App/zmqApp.swift /Users/runner/work/iOS-ADB-APP-flower/iOS-ADB-APP-flower/zmq/App/ContentView.swift /Users/runner/work/iOS-ADB-APP-flower/iOS-ADB-APP-flower/zmq/Core/ADBProtocol/ADBConstants.swift /Users/runner/work/iOS-ADB-APP-flower/iOS-ADB-APP-flower/zmq/Core/ADBProtocol/ADBMessage.swift /Users/runner/work/iOS-ADB-APP-flower/iOS-ADB-APP-flower/zmq/Core/ADBProtocol/ADBProtocol.swift /Users/runner/work/iOS-ADB-APP-flower/iOS-ADB-APP-flower/zmq/Core/ADBProtocol/ADBAuth.swift /Users/runner/work/iOS-ADB-APP-flower/iOS-ADB-APP-flower/zmq/Core/ADBProtocol/ADBChannel.swift /Users/runner/work/iOS-ADB-APP-flower/iOS-ADB-APP-flower/zmq/Core/Network/TCPClient.swift /Users/runner/work/iOS-ADB-APP-flower/iOS-ADB-APP-flower/zmq/Core/Network/DataBuffer.swift /Users/runner/work/iOS-ADB-APP-flower/iOS-ADB-APP-flowe
SwiftCompile normal arm64 /Users/runner/work/iOS-ADB-APP-flower/iOS-ADB-APP-flower/zmq/Features/Shell/ADBShell.swift (in target 'zmq' from project 'zmq')
    cd /Users/runner/work/iOS-ADB-APP-flower/iOS-ADB-APP-flower
    /Applications/Xcode_16.app/Contents/Developer/Toolchains/XcodeDefault.xctoolchain/usr/bin/swift-frontend -c /Users/runner/work/iOS-ADB-APP-flower/iOS-ADB-APP-flower/zmq/App/zmqApp.swift /Users/runner/work/iOS-ADB-APP-flower/iOS-ADB-APP-flower/zmq/App/ContentView.swift /Users/runner/work/iOS-ADB-APP-flower/iOS-ADB-APP-flower/zmq/Core/ADBProtocol/ADBConstants.swift /Users/runner/work/iOS-ADB-APP-flower/iOS-ADB-APP-flower/zmq/Core/ADBProtocol/ADBMessage.swift /Users/runner/work/iOS-ADB-APP-flower/iOS-ADB-APP-flower/zmq/Core/ADBProtocol/ADBProtocol.swift /Users/runner/work/iOS-ADB-APP-flower/iOS-ADB-APP-flower/zmq/Core/ADBProtocol/ADBAuth.swift /Users/runner/work/iOS-ADB-APP-flower/iOS-ADB-APP-flower/zmq/Core/ADBProtocol/ADBChannel.swift /Users/runner/work/iOS-ADB-APP-flower/iOS-ADB-APP-flower/zmq/Core/Network/TCPClient.swift /Users/runner/work/iOS-ADB-APP-flower/iOS-ADB-APP-flower/zmq/Core/Network/DataBuffer.swift /Users/runner/work/iOS-ADB-APP-flower/iOS-ADB-APP-flower/zmq/Core/Network/DeviceScanner.swift /
SwiftCompile normal arm64 /Users/runner/work/iOS-ADB-APP-flower/iOS-ADB-APP-flower/zmq/Features/DeviceInfo/ADBDeviceInfo.swift (in target 'zmq' from project 'zmq')
    cd /Users/runner/work/iOS-ADB-APP-flower/iOS-ADB-APP-flower
    /Applications/Xcode_16.app/Contents/Developer/Toolchains/XcodeDefault.xctoolchain/usr/bin/swift-frontend -c /Users/runner/work/iOS-ADB-APP-flower/iOS-ADB-APP-flower/zmq/App/zmqApp.swift /Users/runner/work/iOS-ADB-APP-flower/iOS-ADB-APP-flower/zmq/App/ContentView.swift /Users/runner/work/iOS-ADB-APP-flower/iOS-ADB-APP-flower/zmq/Core/ADBProtocol/ADBConstants.swift /Users/runner/work/iOS-ADB-APP-flower/iOS-ADB-APP-flower/zmq/Core/ADBProtocol/ADBMessage.swift /Users/runner/work/iOS-ADB-APP-flower/iOS-ADB-APP-flower/zmq/Core/ADBProtocol/ADBProtocol.swift /Users/runner/work/iOS-ADB-APP-flower/iOS-ADB-APP-flower/zmq/Core/ADBProtocol/ADBAuth.swift /Users/runner/work/iOS-ADB-APP-flower/iOS-ADB-APP-flower/zmq/Core/ADBProtocol/ADBChannel.swift /Users/runner/work/iOS-ADB-APP-flower/iOS-ADB-APP-flower/zmq/Core/Network/TCPClient.swift /Users/runner/work/iOS-ADB-APP-flower/iOS-ADB-APP-flower/zmq/Core/Network/DataBuffer.swift /Users/runner/work/iOS-ADB-APP-flower/iOS-ADB-APP-flower/zmq/Core/Network/DeviceScanner.swift /
SwiftCompile normal arm64 /Users/runner/work/iOS-ADB-APP-flower/iOS-ADB-APP-flower/zmq/Features/AppManager/ADBAppManager.swift (in target 'zmq' from project 'zmq')
    cd /Users/runner/work/iOS-ADB-APP-flower/iOS-ADB-APP-flower
    /Applications/Xcode_16.app/Contents/Developer/Toolchains/XcodeDefault.xctoolchain/usr/bin/swift-frontend -c /Users/runner/work/iOS-ADB-APP-flower/iOS-ADB-APP-flower/zmq/App/zmqApp.swift /Users/runner/work/iOS-ADB-APP-flower/iOS-ADB-APP-flower/zmq/App/ContentView.swift /Users/runner/work/iOS-ADB-APP-flower/iOS-ADB-APP-flower/zmq/Core/ADBProtocol/ADBConstants.swift /Users/runner/work/iOS-ADB-APP-flower/iOS-ADB-APP-flower/zmq/Core/ADBProtocol/ADBMessage.swift /Users/runner/work/iOS-ADB-APP-flower/iOS-ADB-APP-flower/zmq/Core/ADBProtocol/ADBProtocol.swift /Users/runner/work/iOS-ADB-APP-flower/iOS-ADB-APP-flower/zmq/Core/ADBProtocol/ADBAuth.swift /Users/runner/work/iOS-ADB-APP-flower/iOS-ADB-APP-flower/zmq/Core/ADBProtocol/ADBChannel.swift /Users/runner/work/iOS-ADB-APP-flower/iOS-ADB-APP-flower/zmq/Core/Network/TCPClient.swift /Users/runner/work/iOS-ADB-APP-flower/iOS-ADB-APP-flower/zmq/Core/Network/DataBuffer.swift /Users/runner/work/iOS-ADB-APP-flower/iOS-ADB-APP-flower/zmq/Core/Network/DeviceScanner.swift /
SwiftCompile normal arm64 /Users/runner/work/iOS-ADB-APP-flower/iOS-ADB-APP-flower/zmq/Features/RemoteControl/ADBRemoteControl.swift (in target 'zmq' from project 'zmq')
    cd /Users/runner/work/iOS-ADB-APP-flower/iOS-ADB-APP-flower
    /Applications/Xcode_16.app/Contents/Developer/Toolchains/XcodeDefault.xctoolchain/usr/bin/swift-frontend -c /Users/runner/work/iOS-ADB-APP-flower/iOS-ADB-APP-flower/zmq/App/zmqApp.swift /Users/runner/work/iOS-ADB-APP-flower/iOS-ADB-APP-flower/zmq/App/ContentView.swift /Users/runner/work/iOS-ADB-APP-flower/iOS-ADB-APP-flower/zmq/Core/ADBProtocol/ADBConstants.swift /Users/runner/work/iOS-ADB-APP-flower/iOS-ADB-APP-flower/zmq/Core/ADBProtocol/ADBMessage.swift /Users/runner/work/iOS-ADB-APP-flower/iOS-ADB-APP-flower/zmq/Core/ADBProtocol/ADBProtocol.swift /Users/runner/work/iOS-ADB-APP-flower/iOS-ADB-APP-flower/zmq/Core/ADBProtocol/ADBAuth.swift /Users/runner/work/iOS-ADB-APP-flower/iOS-ADB-APP-flower/zmq/Core/ADBProtocol/ADBChannel.swift /Users/runner/work/iOS-ADB-APP-flower/iOS-ADB-APP-flower/zmq/Core/Network/TCPClient.swift /Users/runner/work/iOS-ADB-APP-flower/iOS-ADB-APP-flower/zmq/Core/Network/DataBuffer.swift /Users/runner/work/iOS-ADB-APP-flower/iOS-ADB-APP-flower/zmq/Core/Network/DeviceScanner.swift /
SwiftCompile normal arm64 /Users/runner/work/iOS-ADB-APP-flower/iOS-ADB-APP-flower/zmq/Features/FileSync/ADBFileSync.swift (in target 'zmq' from project 'zmq')
    cd /Users/runner/work/iOS-ADB-APP-flower/iOS-ADB-APP-flower
    /Applications/Xcode_16.app/Contents/Developer/Toolchains/XcodeDefault.xctoolchain/usr/bin/swift-frontend -c /Users/runner/work/iOS-ADB-APP-flower/iOS-ADB-APP-flower/zmq/App/zmqApp.swift /Users/runner/work/iOS-ADB-APP-flower/iOS-ADB-APP-flower/zmq/App/ContentView.swift /Users/runner/work/iOS-ADB-APP-flower/iOS-ADB-APP-flower/zmq/Core/ADBProtocol/ADBConstants.swift /Users/runner/work/iOS-ADB-APP-flower/iOS-ADB-APP-flower/zmq/Core/ADBProtocol/ADBMessage.swift /Users/runner/work/iOS-ADB-APP-flower/iOS-ADB-APP-flower/zmq/Core/ADBProtocol/ADBProtocol.swift /Users/runner/work/iOS-ADB-APP-flower/iOS-ADB-APP-flower/zmq/Core/ADBProtocol/ADBAuth.swift /Users/runner/work/iOS-ADB-APP-flower/iOS-ADB-APP-flower/zmq/Core/ADBProtocol/ADBChannel.swift /Users/runner/work/iOS-ADB-APP-flower/iOS-ADB-APP-flower/zmq/Core/Network/TCPClient.swift /Users/runner/work/iOS-ADB-APP-flower/iOS-ADB-APP-flower/zmq/Core/Network/DataBuffer.swift /Users/runner/work/iOS-ADB-APP-flower/iOS-ADB-APP-flower/zmq/Core/Network/DeviceScanner.swift /
SwiftCompile normal arm64 /Users/runner/work/iOS-ADB-APP-flower/iOS-ADB-APP-flower/zmq/Features/FileSync/ADBFileTransfer.swift (in target 'zmq' from project 'zmq')
    cd /Users/runner/work/iOS-ADB-APP-flower/iOS-ADB-APP-flower
    /Applications/Xcode_16.app/Contents/Developer/Toolchains/XcodeDefault.xctoolchain/usr/bin/swift-frontend -c /Users/runner/work/iOS-ADB-APP-flower/iOS-ADB-APP-flower/zmq/App/zmqApp.swift /Users/runner/work/iOS-ADB-APP-flower/iOS-ADB-APP-flower/zmq/App/ContentView.swift /Users/runner/work/iOS-ADB-APP-flower/iOS-ADB-APP-flower/zmq/Core/ADBProtocol/ADBConstants.swift /Users/runner/work/iOS-ADB-APP-flower/iOS-ADB-APP-flower/zmq/Core/ADBProtocol/ADBMessage.swift /Users/runner/work/iOS-ADB-APP-flower/iOS-ADB-APP-flower/zmq/Core/ADBProtocol/ADBProtocol.swift /Users/runner/work/iOS-ADB-APP-flower/iOS-ADB-APP-flower/zmq/Core/ADBProtocol/ADBAuth.swift /Users/runner/work/iOS-ADB-APP-flower/iOS-ADB-APP-flower/zmq/Core/ADBProtocol/ADBChannel.swift /Users/runner/work/iOS-ADB-APP-flower/iOS-ADB-APP-flower/zmq/Core/Network/TCPClient.swift /Users/runner/work/iOS-ADB-APP-flower/iOS-ADB-APP-flower/zmq/Core/Network/DataBuffer.swift /Users/runner/work/iOS-ADB-APP-flower/iOS-ADB-APP-flower/zmq/Core/Network/DeviceScanner.swift /
SwiftCompile normal arm64 /Users/runner/work/iOS-ADB-APP-flower/iOS-ADB-APP-flower/zmq/Features/ScreenMirror/ScrcpyServer.swift (in target 'zmq' from project 'zmq')
    cd /Users/runner/work/iOS-ADB-APP-flower/iOS-ADB-APP-flower
    /Applications/Xcode_16.app/Contents/Developer/Toolchains/XcodeDefault.xctoolchain/usr/bin/swift-frontend -c /Users/runner/work/iOS-ADB-APP-flower/iOS-ADB-APP-flower/zmq/App/zmqApp.swift /Users/runner/work/iOS-ADB-APP-flower/iOS-ADB-APP-flower/zmq/App/ContentView.swift /Users/runner/work/iOS-ADB-APP-flower/iOS-ADB-APP-flower/zmq/Core/ADBProtocol/ADBConstants.swift /Users/runner/work/iOS-ADB-APP-flower/iOS-ADB-APP-flower/zmq/Core/ADBProtocol/ADBMessage.swift /Users/runner/work/iOS-ADB-APP-flower/iOS-ADB-APP-flower/zmq/Core/ADBProtocol/ADBProtocol.swift /Users/runner/work/iOS-ADB-APP-flower/iOS-ADB-APP-flower/zmq/Core/ADBProtocol/ADBAuth.swift /Users/runner/work/iOS-ADB-APP-flower/iOS-ADB-APP-flower/zmq/Core/ADBProtocol/ADBChannel.swift /Users/runner/work/iOS-ADB-APP-flower/iOS-ADB-APP-flower/zmq/Core/Network/TCPClient.swift /Users/runner/work/iOS-ADB-APP-flower/iOS-ADB-APP-flower/zmq/Core/Network/DataBuffer.swift /Users/runner/work/iOS-ADB-APP-flower/iOS-ADB-APP-flower/zmq/Core/Network/DeviceScanner.swift /
SwiftCompile normal arm64 /Users/runner/work/iOS-ADB-APP-flower/iOS-ADB-APP-flower/zmq/Features/ScreenMirror/H264Decoder.swift (in target 'zmq' from project 'zmq')
    cd /Users/runner/work/iOS-ADB-APP-flower/iOS-ADB-APP-flower
    /Applications/Xcode_16.app/Contents/Developer/Toolchains/XcodeDefault.xctoolchain/usr/bin/swift-frontend -c /Users/runner/work/iOS-ADB-APP-flower/iOS-ADB-APP-flower/zmq/App/zmqApp.swift /Users/runner/work/iOS-ADB-APP-flower/iOS-ADB-APP-flower/zmq/App/ContentView.swift /Users/runner/work/iOS-ADB-APP-flower/iOS-ADB-APP-flower/zmq/Core/ADBProtocol/ADBConstants.swift /Users/runner/work/iOS-ADB-APP-flower/iOS-ADB-APP-flower/zmq/Core/ADBProtocol/ADBMessage.swift /Users/runner/work/iOS-ADB-APP-flower/iOS-ADB-APP-flower/zmq/Core/ADBProtocol/ADBProtocol.swift /Users/runner/work/iOS-ADB-APP-flower/iOS-ADB-APP-flower/zmq/Core/ADBProtocol/ADBAuth.swift /Users/runner/work/iOS-ADB-APP-flower/iOS-ADB-APP-flower/zmq/Core/ADBProtocol/ADBChannel.swift /Users/runner/work/iOS-ADB-APP-flower/iOS-ADB-APP-flower/zmq/Core/Network/TCPClient.swift /Users/runner/work/iOS-ADB-APP-flower/iOS-ADB-APP-flower/zmq/Core/Network/DataBuffer.swift /Users/runner/work/iOS-ADB-APP-flower/iOS-ADB-APP-flower/zmq/Core/Network/DeviceScanner.swift /
** ARCHIVE FAILED **
SwiftCompile normal arm64 /Users/runner/work/iOS-ADB-APP-flower/iOS-ADB-APP-flower/zmq/Features/ScreenMirror/ScreenRenderer.swift (in target 'zmq' from project 'zmq')
    cd /Users/runner/work/iOS-ADB-APP-flower/iOS-ADB-APP-flower
    /Applications/Xcode_16.app/Contents/Developer/Toolchains/XcodeDefault.xctoolchain/usr/bin/swift-frontend -c /Users/runner/work/iOS-ADB-APP-flower/iOS-ADB-APP-flower/zmq/App/zmqApp.swift /Users/runner/work/iOS-ADB-APP-flower/iOS-ADB-APP-flower/zmq/App/ContentView.swift /Users/runner/work/iOS-ADB-APP-flower/iOS-ADB-APP-flower/zmq/Core/ADBProtocol/ADBConstants.swift /Users/runner/work/iOS-ADB-APP-flower/iOS-ADB-APP-flower/zmq/Core/ADBProtocol/ADBMessage.swift /Users/runner/work/iOS-ADB-APP-flower/iOS-ADB-APP-flower/zmq/Core/ADBProtocol/ADBProtocol.swift /Users/runner/work/iOS-ADB-APP-flower/iOS-ADB-APP-flower/zmq/Core/ADBProtocol/ADBAuth.swift /Users/runner/work/iOS-ADB-APP-flower/iOS-ADB-APP-flower/zmq/Core/ADBProtocol/ADBChannel.swift /Users/runner/work/iOS-ADB-APP-flower/iOS-ADB-APP-flower/zmq/Core/Network/TCPClient.swift /Users/runner/work/iOS-ADB-APP-flower/iOS-ADB-APP-flower/zmq/Core/Network/DataBuffer.swift /Users/runner/work/iOS-ADB-APP-flower/iOS-ADB-APP-flower/zmq/Core/Network/DeviceScanner.swift /
The following build commands failed:
	EmitSwiftModule normal arm64 (in target 'zmq' from project 'zmq')
SwiftCompile normal arm64 /Users/runner/work/iOS-ADB-APP-flower/iOS-ADB-APP-flower/zmq/Features/ScreenMirror/TouchMapper.swift (in target 'zmq' from project 'zmq')
	SwiftEmitModule normal arm64 Emitting\ module\ for\ zmq (in target 'zmq' from project 'zmq')
    cd /Users/runner/work/iOS-ADB-APP-flower/iOS-ADB-APP-flower
	SwiftCompile normal arm64 Compiling\ zmqApp.swift,\ ContentView.swift,\ ADBConstants.swift,\ ADBMessage.swift,\ ADBProtocol.swift,\ ADBAuth.swift,\ ADBChannel.swift,\ TCPClient.swift,\ DataBuffer.swift,\ DeviceScanner.swift,\ ADBClient.swift,\ ADBKeyManager.swift /Users/runner/work/iOS-ADB-APP-flower/iOS-ADB-APP-flower/zmq/App/zmqApp.swift /Users/runner/work/iOS-ADB-APP-flower/iOS-ADB-APP-flower/zmq/App/ContentView.swift /Users/runner/work/iOS-ADB-APP-flower/iOS-ADB-APP-flower/zmq/Core/ADBProtocol/ADBConstants.swift /Users/runner/work/iOS-ADB-APP-flower/iOS-ADB-APP-flower/zmq/Core/ADBProtocol/ADBMessage.swift /Users/runner/work/iOS-ADB-APP-flower/iOS-ADB-APP-flower/zmq/Core/ADBProtocol/ADBProtocol.swift /Users/runner/work/iOS-ADB-APP-flower/iOS-ADB-APP-flower/zmq/Core/ADBProtocol/ADBAuth.swift /Users/runner/work/iOS-ADB-APP-flower/iOS-ADB-APP-flower/zmq/Core/ADBProtocol/ADBChannel.swift /Users/runner/work/iOS-ADB-APP-flower/iOS-ADB-APP-flower/zmq/Core/Network/TCPClient.swift /Users/runner/work/iOS-ADB-APP-fl
    /Applications/Xcode_16.app/Contents/Developer/Toolchains/XcodeDefault.xctoolchain/usr/bin/swift-frontend -c /Users/runner/work/iOS-ADB-APP-flower/iOS-ADB-APP-flower/zmq/App/zmqApp.swift /Users/runner/work/iOS-ADB-APP-flower/iOS-ADB-APP-flower/zmq/App/ContentView.swift /Users/runner/work/iOS-ADB-APP-flower/iOS-ADB-APP-flower/zmq/Core/ADBProtocol/ADBConstants.swift /Users/runner/work/iOS-ADB-APP-flower/iOS-ADB-APP-flower/zmq/Core/ADBProtocol/ADBMessage.swift /Users/runner/work/iOS-ADB-APP-flower/iOS-ADB-APP-flower/zmq/Core/ADBProtocol/ADBProtocol.swift /Users/runner/work/iOS-ADB-APP-flower/iOS-ADB-APP-flower/zmq/Core/ADBProtocol/ADBAuth.swift /Users/runner/work/iOS-ADB-APP-flower/iOS-ADB-APP-flower/zmq/Core/ADBProtocol/ADBChannel.swift /Users/runner/work/iOS-ADB-APP-flower/iOS-ADB-APP-flower/zmq/Core/Network/TCPClient.swift /Users/runner/work/iOS-ADB-APP-flower/iOS-ADB-APP-flower/zmq/Core/Network/DataBuffer.swift /Users/runner/work/iOS-ADB-APP-flower/iOS-ADB-APP-flower/zmq/Core/Network/DeviceScanner.swift /
	Archiving project zmq with scheme zmq
(4 failures)
SwiftCompile normal arm64 /Users/runner/work/iOS-ADB-APP-flower/iOS-ADB-APP-flower/zmq/UI/Pages/DeviceConnectView.swift (in target 'zmq' from project 'zmq')
    cd /Users/runner/work/iOS-ADB-APP-flower/iOS-ADB-APP-flower
    /Applications/Xcode_16.app/Contents/Developer/Toolchains/XcodeDefault.xctoolchain/usr/bin/swift-frontend -c /Users/runner/work/iOS-ADB-APP-flower/iOS-ADB-APP-flower/zmq/App/zmqApp.swift /Users/runner/work/iOS-ADB-APP-flower/iOS-ADB-APP-flower/zmq/App/ContentView.swift /Users/runner/work/iOS-ADB-APP-flower/iOS-ADB-APP-flower/zmq/Core/ADBProtocol/ADBConstants.swift /Users/runner/work/iOS-ADB-APP-flower/iOS-ADB-APP-flower/zmq/Core/ADBProtocol/ADBMessage.swift /Users/runner/work/iOS-ADB-APP-flower/iOS-ADB-APP-flower/zmq/Core/ADBProtocol/ADBProtocol.swift /Users/runner/work/iOS-ADB-APP-flower/iOS-ADB-APP-flower/zmq/Core/ADBProtocol/ADBAuth.swift /Users/runner/work/iOS-ADB-APP-flower/iOS-ADB-APP-flower/zmq/Core/ADBProtocol/ADBChannel.swift /Users/runner/work/iOS-ADB-APP-flower/iOS-ADB-APP-flower/zmq/Core/Network/TCPClient.swift /Users/runner/work/iOS-ADB-APP-flower/iOS-ADB-APP-flower/zmq/Core/Network/DataBuffer.swift /Users/runner/work/iOS-ADB-APP-flower/iOS-ADB-APP-flower/zmq/Core/Network/DeviceScanner.swift /
SwiftCompile normal arm64 /Users/runner/work/iOS-ADB-APP-flower/iOS-ADB-APP-flower/zmq/UI/Pages/DeviceInfoView.swift (in target 'zmq' from project 'zmq')
    cd /Users/runner/work/iOS-ADB-APP-flower/iOS-ADB-APP-flower
    /Applications/Xcode_16.app/Contents/Developer/Toolchains/XcodeDefault.xctoolchain/usr/bin/swift-frontend -c /Users/runner/work/iOS-ADB-APP-flower/iOS-ADB-APP-flower/zmq/App/zmqApp.swift /Users/runner/work/iOS-ADB-APP-flower/iOS-ADB-APP-flower/zmq/App/ContentView.swift /Users/runner/work/iOS-ADB-APP-flower/iOS-ADB-APP-flower/zmq/Core/ADBProtocol/ADBConstants.swift /Users/runner/work/iOS-ADB-APP-flower/iOS-ADB-APP-flower/zmq/Core/ADBProtocol/ADBMessage.swift /Users/runner/work/iOS-ADB-APP-flower/iOS-ADB-APP-flower/zmq/Core/ADBProtocol/ADBProtocol.swift /Users/runner/work/iOS-ADB-APP-flower/iOS-ADB-APP-flower/zmq/Core/ADBProtocol/ADBAuth.swift /Users/runner/work/iOS-ADB-APP-flower/iOS-ADB-APP-flower/zmq/Core/ADBProtocol/ADBChannel.swift /Users/runner/work/iOS-ADB-APP-flower/iOS-ADB-APP-flower/zmq/Core/Network/TCPClient.swift /Users/runner/work/iOS-ADB-APP-flower/iOS-ADB-APP-flower/zmq/Core/Network/DataBuffer.swift /Users/runner/work/iOS-ADB-APP-flower/iOS-ADB-APP-flower/zmq/Core/Network/DeviceScanner.swift /
SwiftCompile normal arm64 Compiling\ zmqApp.swift,\ ContentView.swift,\ ADBConstants.swift,\ ADBMessage.swift,\ ADBProtocol.swift,\ ADBAuth.swift,\ ADBChannel.swift,\ TCPClient.swift,\ DataBuffer.swift,\ DeviceScanner.swift,\ ADBClient.swift,\ ADBKeyManager.swift /Users/runner/work/iOS-ADB-APP-flower/iOS-ADB-APP-flower/zmq/App/zmqApp.swift /Users/runner/work/iOS-ADB-APP-flower/iOS-ADB-APP-flower/zmq/App/ContentView.swift /Users/runner/work/iOS-ADB-APP-flower/iOS-ADB-APP-flower/zmq/Core/ADBProtocol/ADBConstants.swift /Users/runner/work/iOS-ADB-APP-flower/iOS-ADB-APP-flower/zmq/Core/ADBProtocol/ADBMessage.swift /Users/runner/work/iOS-ADB-APP-flower/iOS-ADB-APP-flower/zmq/Core/ADBProtocol/ADBProtocol.swift /Users/runner/work/iOS-ADB-APP-flower/iOS-ADB-APP-flower/zmq/Core/ADBProtocol/ADBAuth.swift /Users/runner/work/iOS-ADB-APP-flower/iOS-ADB-APP-flower/zmq/Core/ADBProtocol/ADBChannel.swift /Users/runner/work/iOS-ADB-APP-flower/iOS-ADB-APP-flower/zmq/Core/Network/TCPClient.swift /Users/runner/work/iOS-ADB-APP-flo
    cd /Users/runner/work/iOS-ADB-APP-flower/iOS-ADB-APP-flower
    builtin-swiftTaskExecution -- /Applications/Xcode_16.app/Contents/Developer/Toolchains/XcodeDefault.xctoolchain/usr/bin/swift-frontend -frontend -c -primary-file /Users/runner/work/iOS-ADB-APP-flower/iOS-ADB-APP-flower/zmq/App/zmqApp.swift -primary-file /Users/runner/work/iOS-ADB-APP-flower/iOS-ADB-APP-flower/zmq/App/ContentView.swift -primary-file /Users/runner/work/iOS-ADB-APP-flower/iOS-ADB-APP-flower/zmq/Core/ADBProtocol/ADBConstants.swift -primary-file /Users/runner/work/iOS-ADB-APP-flower/iOS-ADB-APP-flower/zmq/Core/ADBProtocol/ADBMessage.swift -primary-file /Users/runner/work/iOS-ADB-APP-flower/iOS-ADB-APP-flower/zmq/Core/ADBProtocol/ADBProtocol.swift -primary-file /Users/runner/work/iOS-ADB-APP-flower/iOS-ADB-APP-flower/zmq/Core/ADBProtocol/ADBAuth.swift -primary-file /Users/runner/work/iOS-ADB-APP-flower/iOS-ADB-APP-flower/zmq/Core/ADBProtocol/ADBChannel.swift -primary-file /Users/runner/work/iOS-ADB-APP-flower/iOS-ADB-APP-flower/zmq/Core/Network/TCPClient.swift -primary-file /Users/runner/work/i
Command SwiftCompile failed with a nonzero exit code
Error: Process completed with exit code 65.